Build started 10/9/2014 12:38:28 PM.
     1>Project "C:\Users\AW 18\Dropbox\GuildHall\Projects\FeedbackServer\FeedbackServer\FeedbackServer.vcxproj" on node 2 (build target(s)).
     1>InitializeBuildStatus:
         Creating "Debug\FeedbackServer.unsuccessfulbuild" because "AlwaysCreate" was specified.
       ClCompile:
         C:\Program Files (x86)\Microsoft Visual Studio 10.0\VC\bin\CL.exe /c /ZI /nologo /W3 /WX- /Od /Oy- /D WIN32 /D _DEBUG /D _CONSOLE /D _UNICODE /D UNICODE /Gm /EHsc /RTC1 /MDd /GS /fp:precise /Zc:wchar_t /Zc:forScope /Fo"Debug\\" /Fd"Debug\vc100.pdb" /Gd /TP /analyze- /errorReport:prompt ConnectedUDPClient.cpp GameLobby.cpp GameRoom.cpp UDPServer.cpp main.cpp
         UDPServer.cpp
     1>c:\users\aw 18\dropbox\guildhall\projects\feedbackserver\feedbackserver\udpserver.cpp(43): warning C4244: 'argument' : conversion from 'time_t' to 'unsigned int', possible loss of data
     1>c:\users\aw 18\dropbox\guildhall\projects\feedbackserver\feedbackserver\udpserver.cpp(167): warning C4996: 'itoa': The POSIX name for this item is deprecated. Instead, use the ISO C++ conformant name: _itoa. See online help for details.
                 c:\program files (x86)\microsoft visual studio 10.0\vc\include\stdlib.h(867) : see declaration of 'itoa'
         Generating Code...
         Compiling...
         main.cpp
     1>c:\users\aw 18\dropbox\guildhall\projects\feedbackserver\feedbackserver\main.cpp(21): warning C4005: 'UNUSED' : macro redefinition
                 c:\users\aw 18\dropbox\guildhall\projects\cbengine\enginecode\enginemacros.hpp(13) : see previous definition of 'UNUSED'
         GameRoom.cpp
     1>c:\users\aw 18\dropbox\guildhall\projects\feedbackserver\feedbackserver\gameroom.cpp(287): warning C4018: '<' : signed/unsigned mismatch
         GameLobby.cpp
         ConnectedUDPClient.cpp
         Generating Code...
       ManifestResourceCompile:
         All outputs are up-to-date.
       Link:
         C:\Program Files (x86)\Microsoft Visual Studio 10.0\VC\bin\link.exe /ERRORREPORT:PROMPT /OUT:"C:\Users\AW 18\Dropbox\GuildHall\Projects\FeedbackServer\FeedbackServer\Debug\FeedbackServer.exe" /INCREMENTAL /NOLOGO kernel32.lib user32.lib gdi32.lib winspool.lib comdlg32.lib advapi32.lib shell32.lib ole32.lib oleaut32.lib uuid.lib odbc32.lib odbccp32.lib /MANIFEST /ManifestFile:"Debug\FeedbackServer.exe.intermediate.manifest" /MANIFESTUAC:"level='asInvoker' uiAccess='false'" /DEBUG /PDB:"C:\Users\AW 18\Dropbox\GuildHall\Projects\FeedbackServer\FeedbackServer\Debug\FeedbackServer.pdb" /SUBSYSTEM:CONSOLE /TLBID:1 /DYNAMICBASE /NXCOMPAT /IMPLIB:"C:\Users\AW 18\Dropbox\GuildHall\Projects\FeedbackServer\FeedbackServer\Debug\FeedbackServer.lib" /MACHINE:X86 Debug\FeedbackServer.exe.embed.manifest.res
         Debug\ConnectedUDPClient.obj
         Debug\CTFlag.obj
         Debug\GameLobby.obj
         Debug\GameRoom.obj
         Debug\main.obj
         Debug\UDPServer.obj
         "C:\Users\AW 18\Dropbox\GuildHall\Projects\FeedbackServer\CBEngine.lib"
       Manifest:
         C:\Program Files (x86)\Microsoft SDKs\Windows\v7.0A\bin\mt.exe /nologo /verbose /out:"Debug\FeedbackServer.exe.embed.manifest" /manifest Debug\FeedbackServer.exe.intermediate.manifest
         All outputs are up-to-date.
       LinkEmbedManifest:
         All outputs are up-to-date.
         FeedbackServer.vcxproj -> C:\Users\AW 18\Dropbox\GuildHall\Projects\FeedbackServer\FeedbackServer\Debug\FeedbackServer.exe
       FinalizeBuildStatus:
         Deleting file "Debug\FeedbackServer.unsuccessfulbuild".
         Touching "Debug\FeedbackServer.lastbuildstate".
     1>Done Building Project "C:\Users\AW 18\Dropbox\GuildHall\Projects\FeedbackServer\FeedbackServer\FeedbackServer.vcxproj" (build target(s)).

Build succeeded.

Time Elapsed 00:00:04.94
