C:\Users\AW 18\Dropbox\GuildHall\Projects\FeedbackServer\FeedbackServer\Debug\cl.command.1.tlog
C:\Users\AW 18\Dropbox\GuildHall\Projects\FeedbackServer\FeedbackServer\Debug\CL.read.1.tlog
C:\Users\AW 18\Dropbox\GuildHall\Projects\FeedbackServer\FeedbackServer\Debug\CL.write.1.tlog
C:\USERS\AW 18\DROPBOX\GUILDHALL\PROJECTS\FEEDBACKSERVER\FEEDBACKSERVER\DEBUG\CONNECTEDUDPCLIENT.OBJ
C:\USERS\AW 18\DROPBOX\GUILDHALL\PROJECTS\FEEDBACKSERVER\FEEDBACKSERVER\DEBUG\CTFLAG.OBJ
C:\USERS\AW 18\DROPBOX\GUILDHALL\PROJECTS\FEEDBACKSERVER\FEEDBACKSERVER\DEBUG\FEEDBACKSERVER.EXE
C:\USERS\AW 18\DROPBOX\GUILDHALL\PROJECTS\FEEDBACKSERVER\FEEDBACKSERVER\DEBUG\FEEDBACKSERVER.EXE.EMBED.MANIFEST
C:\USERS\AW 18\DROPBOX\GUILDHALL\PROJECTS\FEEDBACKSERVER\FEEDBACKSERVER\DEBUG\FEEDBACKSERVER.EXE.EMBED.MANIFEST.RES
C:\USERS\AW 18\DROPBOX\GUILDHALL\PROJECTS\FEEDBACKSERVER\FEEDBACKSERVER\DEBUG\FEEDBACKSERVER.EXE.INTERMEDIATE.MANIFEST
C:\USERS\AW 18\DROPBOX\GUILDHALL\PROJECTS\FEEDBACKSERVER\FEEDBACKSERVER\DEBUG\FEEDBACKSERVER.ILK
C:\USERS\AW 18\DROPBOX\GUILDHALL\PROJECTS\FEEDBACKSERVER\FEEDBACKSERVER\DEBUG\FEEDBACKSERVER.PDB
C:\Users\AW 18\Dropbox\GuildHall\Projects\FeedbackServer\FeedbackServer\Debug\FeedbackServer.vcxprojResolveAssemblyReference.cache
C:\Users\AW 18\Dropbox\GuildHall\Projects\FeedbackServer\FeedbackServer\Debug\FeedbackServer.write.1.tlog
C:\Users\AW 18\Dropbox\GuildHall\Projects\FeedbackServer\FeedbackServer\Debug\FeedbackServer_manifest.rc
C:\USERS\AW 18\DROPBOX\GUILDHALL\PROJECTS\FEEDBACKSERVER\FEEDBACKSERVER\DEBUG\GAMELOBBY.OBJ
C:\USERS\AW 18\DROPBOX\GUILDHALL\PROJECTS\FEEDBACKSERVER\FEEDBACKSERVER\DEBUG\GAMEROOM.OBJ
C:\Users\AW 18\Dropbox\GuildHall\Projects\FeedbackServer\FeedbackServer\Debug\link.10148.read.1.tlog
C:\Users\AW 18\Dropbox\GuildHall\Projects\FeedbackServer\FeedbackServer\Debug\link.10148.write.1.tlog
C:\Users\AW 18\Dropbox\GuildHall\Projects\FeedbackServer\FeedbackServer\Debug\link.10148-cvtres.read.1.tlog
C:\Users\AW 18\Dropbox\GuildHall\Projects\FeedbackServer\FeedbackServer\Debug\link.10148-cvtres.write.1.tlog
C:\Users\AW 18\Dropbox\GuildHall\Projects\FeedbackServer\FeedbackServer\Debug\link.10408.read.1.tlog
C:\Users\AW 18\Dropbox\GuildHall\Projects\FeedbackServer\FeedbackServer\Debug\link.10408.write.1.tlog
C:\Users\AW 18\Dropbox\GuildHall\Projects\FeedbackServer\FeedbackServer\Debug\link.10408-cvtres.read.1.tlog
C:\Users\AW 18\Dropbox\GuildHall\Projects\FeedbackServer\FeedbackServer\Debug\link.10408-cvtres.write.1.tlog
C:\Users\AW 18\Dropbox\GuildHall\Projects\FeedbackServer\FeedbackServer\Debug\link.10612.read.1.tlog
C:\Users\AW 18\Dropbox\GuildHall\Projects\FeedbackServer\FeedbackServer\Debug\link.10612.write.1.tlog
C:\Users\AW 18\Dropbox\GuildHall\Projects\FeedbackServer\FeedbackServer\Debug\link.10612-cvtres.read.1.tlog
C:\Users\AW 18\Dropbox\GuildHall\Projects\FeedbackServer\FeedbackServer\Debug\link.10612-cvtres.write.1.tlog
C:\Users\AW 18\Dropbox\GuildHall\Projects\FeedbackServer\FeedbackServer\Debug\link.11168.read.1.tlog
C:\Users\AW 18\Dropbox\GuildHall\Projects\FeedbackServer\FeedbackServer\Debug\link.11168.write.1.tlog
C:\Users\AW 18\Dropbox\GuildHall\Projects\FeedbackServer\FeedbackServer\Debug\link.11168-cvtres.read.1.tlog
C:\Users\AW 18\Dropbox\GuildHall\Projects\FeedbackServer\FeedbackServer\Debug\link.11168-cvtres.write.1.tlog
C:\Users\AW 18\Dropbox\GuildHall\Projects\FeedbackServer\FeedbackServer\Debug\link.11884.read.1.tlog
C:\Users\AW 18\Dropbox\GuildHall\Projects\FeedbackServer\FeedbackServer\Debug\link.11884.write.1.tlog
C:\Users\AW 18\Dropbox\GuildHall\Projects\FeedbackServer\FeedbackServer\Debug\link.11884-cvtres.read.1.tlog
C:\Users\AW 18\Dropbox\GuildHall\Projects\FeedbackServer\FeedbackServer\Debug\link.11884-cvtres.write.1.tlog
C:\Users\AW 18\Dropbox\GuildHall\Projects\FeedbackServer\FeedbackServer\Debug\link.12120.read.1.tlog
C:\Users\AW 18\Dropbox\GuildHall\Projects\FeedbackServer\FeedbackServer\Debug\link.12120.write.1.tlog
C:\Users\AW 18\Dropbox\GuildHall\Projects\FeedbackServer\FeedbackServer\Debug\link.12120-cvtres.read.1.tlog
C:\Users\AW 18\Dropbox\GuildHall\Projects\FeedbackServer\FeedbackServer\Debug\link.12120-cvtres.write.1.tlog
C:\Users\AW 18\Dropbox\GuildHall\Projects\FeedbackServer\FeedbackServer\Debug\link.14392.read.1.tlog
C:\Users\AW 18\Dropbox\GuildHall\Projects\FeedbackServer\FeedbackServer\Debug\link.14392.write.1.tlog
C:\Users\AW 18\Dropbox\GuildHall\Projects\FeedbackServer\FeedbackServer\Debug\link.14392-cvtres.read.1.tlog
C:\Users\AW 18\Dropbox\GuildHall\Projects\FeedbackServer\FeedbackServer\Debug\link.14392-cvtres.write.1.tlog
C:\Users\AW 18\Dropbox\GuildHall\Projects\FeedbackServer\FeedbackServer\Debug\link.15128.read.1.tlog
C:\Users\AW 18\Dropbox\GuildHall\Projects\FeedbackServer\FeedbackServer\Debug\link.15128.write.1.tlog
C:\Users\AW 18\Dropbox\GuildHall\Projects\FeedbackServer\FeedbackServer\Debug\link.15128-cvtres.read.1.tlog
C:\Users\AW 18\Dropbox\GuildHall\Projects\FeedbackServer\FeedbackServer\Debug\link.15128-cvtres.write.1.tlog
C:\Users\AW 18\Dropbox\GuildHall\Projects\FeedbackServer\FeedbackServer\Debug\link.20636.read.1.tlog
C:\Users\AW 18\Dropbox\GuildHall\Projects\FeedbackServer\FeedbackServer\Debug\link.20636.write.1.tlog
C:\Users\AW 18\Dropbox\GuildHall\Projects\FeedbackServer\FeedbackServer\Debug\link.20636-cvtres.read.1.tlog
C:\Users\AW 18\Dropbox\GuildHall\Projects\FeedbackServer\FeedbackServer\Debug\link.20636-cvtres.write.1.tlog
C:\Users\AW 18\Dropbox\GuildHall\Projects\FeedbackServer\FeedbackServer\Debug\link.20724.read.1.tlog
C:\Users\AW 18\Dropbox\GuildHall\Projects\FeedbackServer\FeedbackServer\Debug\link.20724.write.1.tlog
C:\Users\AW 18\Dropbox\GuildHall\Projects\FeedbackServer\FeedbackServer\Debug\link.20724-cvtres.read.1.tlog
C:\Users\AW 18\Dropbox\GuildHall\Projects\FeedbackServer\FeedbackServer\Debug\link.20724-cvtres.write.1.tlog
C:\Users\AW 18\Dropbox\GuildHall\Projects\FeedbackServer\FeedbackServer\Debug\link.20816.read.1.tlog
C:\Users\AW 18\Dropbox\GuildHall\Projects\FeedbackServer\FeedbackServer\Debug\link.20816.write.1.tlog
C:\Users\AW 18\Dropbox\GuildHall\Projects\FeedbackServer\FeedbackServer\Debug\link.20816-cvtres.read.1.tlog
C:\Users\AW 18\Dropbox\GuildHall\Projects\FeedbackServer\FeedbackServer\Debug\link.20816-cvtres.write.1.tlog
C:\Users\AW 18\Dropbox\GuildHall\Projects\FeedbackServer\FeedbackServer\Debug\link.20916.read.1.tlog
C:\Users\AW 18\Dropbox\GuildHall\Projects\FeedbackServer\FeedbackServer\Debug\link.20916.write.1.tlog
C:\Users\AW 18\Dropbox\GuildHall\Projects\FeedbackServer\FeedbackServer\Debug\link.20916-cvtres.read.1.tlog
C:\Users\AW 18\Dropbox\GuildHall\Projects\FeedbackServer\FeedbackServer\Debug\link.20916-cvtres.write.1.tlog
C:\Users\AW 18\Dropbox\GuildHall\Projects\FeedbackServer\FeedbackServer\Debug\link.21376.read.1.tlog
C:\Users\AW 18\Dropbox\GuildHall\Projects\FeedbackServer\FeedbackServer\Debug\link.21376.write.1.tlog
C:\Users\AW 18\Dropbox\GuildHall\Projects\FeedbackServer\FeedbackServer\Debug\link.21376-cvtres.read.1.tlog
C:\Users\AW 18\Dropbox\GuildHall\Projects\FeedbackServer\FeedbackServer\Debug\link.21376-cvtres.write.1.tlog
C:\Users\AW 18\Dropbox\GuildHall\Projects\FeedbackServer\FeedbackServer\Debug\link.22148.read.1.tlog
C:\Users\AW 18\Dropbox\GuildHall\Projects\FeedbackServer\FeedbackServer\Debug\link.22148.write.1.tlog
C:\Users\AW 18\Dropbox\GuildHall\Projects\FeedbackServer\FeedbackServer\Debug\link.22148-cvtres.read.1.tlog
C:\Users\AW 18\Dropbox\GuildHall\Projects\FeedbackServer\FeedbackServer\Debug\link.22148-cvtres.write.1.tlog
C:\Users\AW 18\Dropbox\GuildHall\Projects\FeedbackServer\FeedbackServer\Debug\link.23456.read.1.tlog
C:\Users\AW 18\Dropbox\GuildHall\Projects\FeedbackServer\FeedbackServer\Debug\link.23456.write.1.tlog
C:\Users\AW 18\Dropbox\GuildHall\Projects\FeedbackServer\FeedbackServer\Debug\link.23456-cvtres.read.1.tlog
C:\Users\AW 18\Dropbox\GuildHall\Projects\FeedbackServer\FeedbackServer\Debug\link.23456-cvtres.write.1.tlog
C:\Users\AW 18\Dropbox\GuildHall\Projects\FeedbackServer\FeedbackServer\Debug\link.23640.read.1.tlog
C:\Users\AW 18\Dropbox\GuildHall\Projects\FeedbackServer\FeedbackServer\Debug\link.23640.write.1.tlog
C:\Users\AW 18\Dropbox\GuildHall\Projects\FeedbackServer\FeedbackServer\Debug\link.23640-cvtres.read.1.tlog
C:\Users\AW 18\Dropbox\GuildHall\Projects\FeedbackServer\FeedbackServer\Debug\link.23640-cvtres.write.1.tlog
C:\Users\AW 18\Dropbox\GuildHall\Projects\FeedbackServer\FeedbackServer\Debug\link.23860.read.1.tlog
C:\Users\AW 18\Dropbox\GuildHall\Projects\FeedbackServer\FeedbackServer\Debug\link.23860.write.1.tlog
C:\Users\AW 18\Dropbox\GuildHall\Projects\FeedbackServer\FeedbackServer\Debug\link.23860-cvtres.read.1.tlog
C:\Users\AW 18\Dropbox\GuildHall\Projects\FeedbackServer\FeedbackServer\Debug\link.23860-cvtres.write.1.tlog
C:\Users\AW 18\Dropbox\GuildHall\Projects\FeedbackServer\FeedbackServer\Debug\link.25208.read.1.tlog
C:\Users\AW 18\Dropbox\GuildHall\Projects\FeedbackServer\FeedbackServer\Debug\link.25208.write.1.tlog
C:\Users\AW 18\Dropbox\GuildHall\Projects\FeedbackServer\FeedbackServer\Debug\link.25208-cvtres.read.1.tlog
C:\Users\AW 18\Dropbox\GuildHall\Projects\FeedbackServer\FeedbackServer\Debug\link.25208-cvtres.write.1.tlog
C:\Users\AW 18\Dropbox\GuildHall\Projects\FeedbackServer\FeedbackServer\Debug\link.25540.read.1.tlog
C:\Users\AW 18\Dropbox\GuildHall\Projects\FeedbackServer\FeedbackServer\Debug\link.25540.write.1.tlog
C:\Users\AW 18\Dropbox\GuildHall\Projects\FeedbackServer\FeedbackServer\Debug\link.25540-cvtres.read.1.tlog
C:\Users\AW 18\Dropbox\GuildHall\Projects\FeedbackServer\FeedbackServer\Debug\link.25540-cvtres.write.1.tlog
C:\Users\AW 18\Dropbox\GuildHall\Projects\FeedbackServer\FeedbackServer\Debug\link.28632.read.1.tlog
C:\Users\AW 18\Dropbox\GuildHall\Projects\FeedbackServer\FeedbackServer\Debug\link.28632.write.1.tlog
C:\Users\AW 18\Dropbox\GuildHall\Projects\FeedbackServer\FeedbackServer\Debug\link.28632-cvtres.read.1.tlog
C:\Users\AW 18\Dropbox\GuildHall\Projects\FeedbackServer\FeedbackServer\Debug\link.28632-cvtres.write.1.tlog
C:\Users\AW 18\Dropbox\GuildHall\Projects\FeedbackServer\FeedbackServer\Debug\link.30976.read.1.tlog
C:\Users\AW 18\Dropbox\GuildHall\Projects\FeedbackServer\FeedbackServer\Debug\link.30976.write.1.tlog
C:\Users\AW 18\Dropbox\GuildHall\Projects\FeedbackServer\FeedbackServer\Debug\link.30976-cvtres.read.1.tlog
C:\Users\AW 18\Dropbox\GuildHall\Projects\FeedbackServer\FeedbackServer\Debug\link.30976-cvtres.write.1.tlog
C:\Users\AW 18\Dropbox\GuildHall\Projects\FeedbackServer\FeedbackServer\Debug\link.32644.read.1.tlog
C:\Users\AW 18\Dropbox\GuildHall\Projects\FeedbackServer\FeedbackServer\Debug\link.32644.write.1.tlog
C:\Users\AW 18\Dropbox\GuildHall\Projects\FeedbackServer\FeedbackServer\Debug\link.32644-cvtres.read.1.tlog
C:\Users\AW 18\Dropbox\GuildHall\Projects\FeedbackServer\FeedbackServer\Debug\link.32644-cvtres.write.1.tlog
C:\Users\AW 18\Dropbox\GuildHall\Projects\FeedbackServer\FeedbackServer\Debug\link.4016.read.1.tlog
C:\Users\AW 18\Dropbox\GuildHall\Projects\FeedbackServer\FeedbackServer\Debug\link.4016.write.1.tlog
C:\Users\AW 18\Dropbox\GuildHall\Projects\FeedbackServer\FeedbackServer\Debug\link.4016-cvtres.read.1.tlog
C:\Users\AW 18\Dropbox\GuildHall\Projects\FeedbackServer\FeedbackServer\Debug\link.4016-cvtres.write.1.tlog
C:\Users\AW 18\Dropbox\GuildHall\Projects\FeedbackServer\FeedbackServer\Debug\link.6208.read.1.tlog
C:\Users\AW 18\Dropbox\GuildHall\Projects\FeedbackServer\FeedbackServer\Debug\link.6208.write.1.tlog
C:\Users\AW 18\Dropbox\GuildHall\Projects\FeedbackServer\FeedbackServer\Debug\link.6208-cvtres.read.1.tlog
C:\Users\AW 18\Dropbox\GuildHall\Projects\FeedbackServer\FeedbackServer\Debug\link.6208-cvtres.write.1.tlog
C:\Users\AW 18\Dropbox\GuildHall\Projects\FeedbackServer\FeedbackServer\Debug\link.6692.read.1.tlog
C:\Users\AW 18\Dropbox\GuildHall\Projects\FeedbackServer\FeedbackServer\Debug\link.6692.write.1.tlog
C:\Users\AW 18\Dropbox\GuildHall\Projects\FeedbackServer\FeedbackServer\Debug\link.6692-cvtres.read.1.tlog
C:\Users\AW 18\Dropbox\GuildHall\Projects\FeedbackServer\FeedbackServer\Debug\link.6692-cvtres.write.1.tlog
C:\Users\AW 18\Dropbox\GuildHall\Projects\FeedbackServer\FeedbackServer\Debug\link.6740.read.1.tlog
C:\Users\AW 18\Dropbox\GuildHall\Projects\FeedbackServer\FeedbackServer\Debug\link.6740.write.1.tlog
C:\Users\AW 18\Dropbox\GuildHall\Projects\FeedbackServer\FeedbackServer\Debug\link.6740-cvtres.read.1.tlog
C:\Users\AW 18\Dropbox\GuildHall\Projects\FeedbackServer\FeedbackServer\Debug\link.6740-cvtres.write.1.tlog
C:\Users\AW 18\Dropbox\GuildHall\Projects\FeedbackServer\FeedbackServer\Debug\link.8544.read.1.tlog
C:\Users\AW 18\Dropbox\GuildHall\Projects\FeedbackServer\FeedbackServer\Debug\link.8544.write.1.tlog
C:\Users\AW 18\Dropbox\GuildHall\Projects\FeedbackServer\FeedbackServer\Debug\link.8544-cvtres.read.1.tlog
C:\Users\AW 18\Dropbox\GuildHall\Projects\FeedbackServer\FeedbackServer\Debug\link.8544-cvtres.write.1.tlog
C:\Users\AW 18\Dropbox\GuildHall\Projects\FeedbackServer\FeedbackServer\Debug\link.8548.read.1.tlog
C:\Users\AW 18\Dropbox\GuildHall\Projects\FeedbackServer\FeedbackServer\Debug\link.8548.write.1.tlog
C:\Users\AW 18\Dropbox\GuildHall\Projects\FeedbackServer\FeedbackServer\Debug\link.8548-cvtres.read.1.tlog
C:\Users\AW 18\Dropbox\GuildHall\Projects\FeedbackServer\FeedbackServer\Debug\link.8548-cvtres.write.1.tlog
C:\Users\AW 18\Dropbox\GuildHall\Projects\FeedbackServer\FeedbackServer\Debug\link.9308.read.1.tlog
C:\Users\AW 18\Dropbox\GuildHall\Projects\FeedbackServer\FeedbackServer\Debug\link.9308.write.1.tlog
C:\Users\AW 18\Dropbox\GuildHall\Projects\FeedbackServer\FeedbackServer\Debug\link.9308-cvtres.read.1.tlog
C:\Users\AW 18\Dropbox\GuildHall\Projects\FeedbackServer\FeedbackServer\Debug\link.9308-cvtres.write.1.tlog
C:\Users\AW 18\Dropbox\GuildHall\Projects\FeedbackServer\FeedbackServer\Debug\link.command.1.tlog
C:\Users\AW 18\Dropbox\GuildHall\Projects\FeedbackServer\FeedbackServer\Debug\link.read.1.tlog
C:\Users\AW 18\Dropbox\GuildHall\Projects\FeedbackServer\FeedbackServer\Debug\link.write.1.tlog
C:\Users\AW 18\Dropbox\GuildHall\Projects\FeedbackServer\FeedbackServer\Debug\link-cvtres.read.1.tlog
C:\Users\AW 18\Dropbox\GuildHall\Projects\FeedbackServer\FeedbackServer\Debug\link-cvtres.write.1.tlog
C:\USERS\AW 18\DROPBOX\GUILDHALL\PROJECTS\FEEDBACKSERVER\FEEDBACKSERVER\DEBUG\MAIN.OBJ
C:\Users\AW 18\Dropbox\GuildHall\Projects\FeedbackServer\FeedbackServer\Debug\mt.command.1.tlog
C:\Users\AW 18\Dropbox\GuildHall\Projects\FeedbackServer\FeedbackServer\Debug\mt.read.1.tlog
C:\Users\AW 18\Dropbox\GuildHall\Projects\FeedbackServer\FeedbackServer\Debug\mt.write.1.tlog
C:\Users\AW 18\Dropbox\GuildHall\Projects\FeedbackServer\FeedbackServer\Debug\rc.command.1.tlog
C:\Users\AW 18\Dropbox\GuildHall\Projects\FeedbackServer\FeedbackServer\Debug\rc.read.1.tlog
C:\Users\AW 18\Dropbox\GuildHall\Projects\FeedbackServer\FeedbackServer\Debug\rc.write.1.tlog
C:\USERS\AW 18\DROPBOX\GUILDHALL\PROJECTS\FEEDBACKSERVER\FEEDBACKSERVER\DEBUG\UDPSERVER.OBJ
C:\Users\AW 18\Dropbox\GuildHall\Projects\FeedbackServer\FeedbackServer\Debug\vc100.idb
C:\USERS\AW 18\DROPBOX\GUILDHALL\PROJECTS\FEEDBACKSERVER\FEEDBACKSERVER\DEBUG\VC100.PDB
